\BOOKMARK [0][-]{chapter.1}{\376\377\0001\000\040\000I\000n\000t\000r\000o\000d\000u\000c\000t\000i\000o\000n}{}% 1
\BOOKMARK [0][-]{chapter.2}{\376\377\0002\000\040\000B\000a\000c\000k\000g\000r\000o\000u\000n\000d\000\040\000a\000n\000d\000\040\000M\000o\000t\000i\000v\000a\000t\000i\000o\000n}{}% 2
\BOOKMARK [1][-]{section.3}{\376\377\0002\000.\0001\000\040\000A\000p\000p\000l\000i\000c\000a\000t\000i\000o\000n\000s\000\040\000o\000f\000\040\000D\000N\000A\000\040\000S\000e\000q\000u\000e\000n\000c\000i\000n\000g}{chapter.2}% 3
\BOOKMARK [1][-]{section.4}{\376\377\0002\000.\0002\000\040\000T\000h\000e\000\040\000D\000N\000A\000\040\000S\000e\000q\000u\000e\000n\000c\000i\000n\000g\000\040\000P\000r\000o\000c\000e\000s\000s}{chapter.2}% 4
\BOOKMARK [2][-]{subsection.5}{\376\377\0002\000.\0002\000.\0001\000\040\000T\000h\000e\000\040\000S\000t\000r\000u\000c\000t\000u\000r\000e\000\040\000o\000f\000\040\000D\000N\000A}{section.4}% 5
\BOOKMARK [2][-]{subsection.6}{\376\377\0002\000.\0002\000.\0002\000\040\000D\000N\000A\000\040\000D\000e\000t\000e\000c\000t\000i\000o\000n\000\040\000T\000e\000c\000h\000n\000o\000l\000o\000g\000i\000e\000s}{section.4}% 6
\BOOKMARK [2][-]{subsection.8}{\376\377\0002\000.\0002\000.\0003\000\040\000A\000s\000s\000e\000m\000b\000l\000y\000\040\000A\000l\000g\000o\000r\000i\000t\000h\000m\000s}{section.4}% 7
\BOOKMARK [1][-]{section.9}{\376\377\0002\000.\0003\000\040\000Y\000\040\000H\000u\000'\000s\000\040\000C\000o\000m\000p\000a\000r\000i\000s\000o\000n\000\040\000E\000n\000g\000i\000n\000e}{chapter.2}% 8
\BOOKMARK [2][-]{subsection.11}{\376\377\0002\000.\0003\000.\0001\000\040\000C\000o\000m\000p\000l\000e\000x\000i\000t\000y\000\040\000A\000n\000a\000l\000y\000s\000i\000s}{section.9}% 9
\BOOKMARK [1][-]{section.13}{\376\377\0002\000.\0004\000\040\000H\000a\000r\000d\000w\000a\000r\000e\000\040\000A\000c\000c\000e\000l\000e\000r\000a\000t\000i\000o\000n}{chapter.2}% 10
\BOOKMARK [0][-]{chapter.14}{\376\377\0003\000\040\000R\000e\000l\000a\000t\000e\000d\000\040\000W\000o\000r\000k}{}% 11
\BOOKMARK [1][-]{section.15}{\376\377\0003\000.\0001\000\040\000D\000N\000A\000\040\000S\000e\000q\000u\000e\000n\000c\000i\000n\000g}{chapter.14}% 12
\BOOKMARK [1][-]{section.16}{\376\377\0003\000.\0002\000\040\000F\000P\000G\000A\000\040\000D\000e\000s\000i\000g\000n}{chapter.14}% 13
\BOOKMARK [0][-]{chapter.18}{\376\377\0004\000\040\000D\000e\000s\000i\000g\000n}{}% 14
\BOOKMARK [1][-]{section.19}{\376\377\0004\000.\0001\000\040\000H\000a\000r\000d\000w\000a\000r\000e}{chapter.18}% 15
\BOOKMARK [2][-]{subsubsection.21}{\376\377\0004\000.\0001\000.\0000\000.\0001\000\040\000I\000n\000t\000e\000r\000-\000D\000e\000v\000i\000c\000e\000\040\000C\000o\000m\000m\000u\000n\000i\000c\000a\000t\000i\000o\000n\000\040\000H\000a\000r\000d\000w\000a\000r\000e}{section.19}% 16
\BOOKMARK [3][-]{subsubsection.23}{\376\377\0004\000.\0001\000.\0000\000.\0002\000\040\000U\000A\000R\000T\000\040\000H\000a\000r\000d\000w\000a\000r\000e}{subsubsection.21}% 17
\BOOKMARK [1][-]{section.24}{\376\377\0004\000.\0002\000\040\000D\000e\000v\000i\000c\000e\000\040\000S\000o\000f\000t\000w\000a\000r\000e}{chapter.18}% 18
\BOOKMARK [2][-]{subsection.26}{\376\377\0004\000.\0002\000.\0001\000\040\000D\000a\000t\000a\000\040\000I\000n\000p\000u\000t\000\040\000H\000a\000n\000d\000l\000e\000r}{section.24}% 19
\BOOKMARK [3][-]{subsubsection.27}{\376\377\0004\000.\0002\000.\0001\000.\0001\000\040\000T\000h\000e\000\040\000M\000a\000s\000t\000e\000r\000\040\000U\000A\000R\000T\000\040\000C\000o\000n\000n\000e\000c\000t\000i\000o\000n}{subsection.26}% 20
\BOOKMARK [3][-]{subsubsection.29}{\376\377\0004\000.\0002\000.\0001\000.\0002\000\040\000D\000i\000s\000t\000r\000i\000b\000u\000t\000i\000o\000n\000\040\000o\000f\000\040\000I\000n\000p\000u\000t\000\040\000D\000a\000t\000a}{subsection.26}% 21
\BOOKMARK [3][-]{subsubsection.31}{\376\377\0004\000.\0002\000.\0001\000.\0003\000\040\000D\000a\000t\000a\000\040\000F\000o\000r\000m\000a\000t\000\040\000T\000r\000a\000n\000s\000l\000a\000t\000i\000o\000n}{subsection.26}% 22
\BOOKMARK [2][-]{subsection.33}{\376\377\0004\000.\0002\000.\0002\000\040\000I\000n\000t\000e\000r\000-\000F\000P\000G\000A\000\040\000C\000o\000m\000m\000u\000n\000i\000c\000a\000t\000i\000o\000n}{section.24}% 23
\BOOKMARK [2][-]{subsection.35}{\376\377\0004\000.\0002\000.\0003\000\040\000R\000e\000s\000u\000l\000t\000\040\000D\000a\000t\000a\000\040\000H\000a\000n\000d\000l\000e\000r}{section.24}% 24
\BOOKMARK [1][-]{section.46}{\376\377\0004\000.\0003\000\040\000H\000o\000s\000t\000\040\000S\000o\000f\000t\000w\000a\000r\000e}{chapter.18}% 25
\BOOKMARK [0][-]{chapter.57}{\376\377\0005\000\040\000I\000m\000p\000l\000e\000m\000e\000n\000t\000a\000t\000i\000o\000n}{}% 26
\BOOKMARK [0][-]{chapter.60}{\376\377\0006\000\040\000T\000e\000s\000t\000i\000n\000g}{}% 27
\BOOKMARK [1][-]{section.61}{\376\377\0006\000.\0001\000\040\000L\000o\000g\000i\000c\000a\000l\000\040\000V\000e\000r\000i\000f\000i\000c\000a\000t\000i\000o\000n}{chapter.60}% 28
\BOOKMARK [1][-]{section.63}{\376\377\0006\000.\0002\000\040\000P\000e\000r\000f\000o\000r\000m\000a\000n\000c\000e\000\040\000C\000h\000a\000r\000a\000c\000t\000e\000r\000i\000s\000t\000i\000c\000s}{chapter.60}% 29
\BOOKMARK [2][-]{subsection.64}{\376\377\0006\000.\0002\000.\0001\000\040\000L\000o\000g\000i\000c\000\040\000U\000t\000i\000l\000i\000s\000a\000t\000i\000o\000n}{section.63}% 30
\BOOKMARK [2][-]{subsection.68}{\376\377\0006\000.\0002\000.\0002\000\040\000M\000e\000m\000o\000r\000y\000\040\000U\000t\000i\000l\000i\000s\000a\000t\000i\000o\000n}{section.63}% 31
\BOOKMARK [2][-]{subsection.69}{\376\377\0006\000.\0002\000.\0003\000\040\000C\000l\000o\000c\000k\000\040\000F\000r\000e\000q\000u\000e\000n\000c\000y}{section.63}% 32
\BOOKMARK [2][-]{subsection.70}{\376\377\0006\000.\0002\000.\0004\000\040\000C\000y\000c\000l\000e\000\040\000C\000o\000u\000n\000t}{section.63}% 33
\BOOKMARK [0][-]{chapter.72}{\376\377\0007\000\040\000E\000v\000a\000l\000u\000a\000t\000i\000o\000n}{}% 34
\BOOKMARK [0][-]{chapter.76}{\376\377\0008\000\040\000F\000u\000t\000u\000r\000e\000\040\000W\000o\000r\000k}{}% 35
\BOOKMARK [0][-]{chapter.81}{\376\377\0009\000\040\000C\000o\000n\000c\000l\000u\000s\000i\000o\000n}{}% 36
\BOOKMARK [0][-]{appendix.83}{\376\377\000A\000\040\000U\000s\000e\000r\000\040\000G\000u\000i\000d\000e}{}% 37
\BOOKMARK [1][-]{subsection.84}{\376\377\000A\000.\0000\000.\0005\000\040\000R\000u\000n\000n\000i\000n\000g\000\040\000t\000h\000e\000\040\000C\000o\000m\000p\000a\000r\000i\000s\000o\000n\000\040\000E\000n\000g\000i\000n\000e}{appendix.83}% 38
\BOOKMARK [0][-]{appendix.85}{\376\377\000B\000\040\000H\000o\000s\000t\000\040\000I\000n\000t\000e\000r\000f\000a\000c\000e\000\040\000C\000o\000d\000e}{}% 39
\BOOKMARK [0][-]{appendix.155}{\376\377\000C\000\040\000C\000o\000m\000p\000a\000r\000i\000s\000o\000n\000\040\000E\000n\000g\000i\000n\000e\000\040\000P\000a\000r\000a\000m\000e\000t\000e\000r\000s}{}% 40
