This is pdfTeX, Version 3.1415926-2.4-1.40.13 (TeX Live 2012) (format=pdflatex 2012.11.20)  18 AUG 2013 19:25
entering extended mode
 restricted \write18 enabled.
 file:line:error style messages enabled.
 %&-line parsing enabled.
**MScThesisTemplate.tex
(./MScThesisTemplate.tex
LaTeX2e <2011/06/27>
Babel <v3.8m> and hyphenation patterns for english, dumylang, nohyphenation, german-x-2012-05-30, ngerman-x-2012-05-30, afrikaans, ancientgreek, ibycus, arabic, armenian, basque, bulgarian, catalan, pinyin, coptic, croatian, czech, danish, dutch, ukenglish, usenglishmax, esperanto, estonian, ethiopic, farsi, finnish, french, friulan, galician, german, ngerman, swissgerman, monogreek, greek, hungarian, icelandic, assamese, bengali, gujarati, hindi, kannada, malayalam, marathi, oriya, panjabi, tamil, telugu, indonesian, interlingua, irish, italian, kurmanji, latin, latvian, lithuanian, mongolian, mongolianlmc, bokmal, nynorsk, polish, portuguese, romanian, romansh, russian, sanskrit, serbian, serbianc, slovak, slovenian, spanish, swedish, turkish, turkmen, ukrainian, uppersorbian, welsh, loaded.
(./thesis.cls
Document Class: thesis 1997/10/10 v1.3x Standard LaTeX document class
(/usr/local/texlive/2012/texmf-dist/tex/latex/base/bk11.clo
File: bk11.clo 2007/10/19 v1.4h Standard LaTeX file (size option)
)
\c@part=\count79
\c@chapter=\count80
\c@section=\count81
\c@subsection=\count82
\c@subsubsection=\count83
\c@paragraph=\count84
\c@subparagraph=\count85
\c@figure=\count86
\c@table=\count87
\abovecaptionskip=\skip41
\belowcaptionskip=\skip42
\bibindent=\dimen102
) (/usr/local/texlive/2012/texmf-dist/tex/latex/amsfonts/amssymb.sty
Package: amssymb 2009/06/22 v3.00
 (/usr/local/texlive/2012/texmf-dist/tex/latex/amsfonts/amsfonts.sty
Package: amsfonts 2009/06/22 v3.00 Basic AMSFonts support
\@emptytoks=\toks14
\symAMSa=\mathgroup4
\symAMSb=\mathgroup5
LaTeX Font Info:    Overwriting math alphabet `\mathfrak' in version `bold'
(Font)                  U/euf/m/n --> U/euf/b/n on input line 96.
)) (/usr/local/texlive/2012/texmf-dist/tex/latex/amsmath/amsbsy.sty
Package: amsbsy 1999/11/29 v1.2d
 (/usr/local/texlive/2012/texmf-dist/tex/latex/amsmath/amsgen.sty
File: amsgen.sty 1999/11/30 v2.0
\@emptytoks=\toks15
\ex@=\dimen103
)
\pmbraise@=\dimen104
) (/usr/local/texlive/2012/texmf-dist/tex/latex/amsmath/amsmath.sty
Package: amsmath 2000/07/18 v2.13 AMS math features
\@mathmargin=\skip43

For additional information on amsmath, use the `?' option.
(/usr/local/texlive/2012/texmf-dist/tex/latex/amsmath/amstext.sty
Package: amstext 2000/06/29 v2.01
) (/usr/local/texlive/2012/texmf-dist/tex/latex/amsmath/amsopn.sty
Package: amsopn 1999/12/14 v2.01 operator names
)
\inf@bad=\count88
LaTeX Info: Redefining \frac on input line 211.
\uproot@=\count89
\leftroot@=\count90
LaTeX Info: Redefining \overline on input line 307.
\classnum@=\count91
\DOTSCASE@=\count92
LaTeX Info: Redefining \ldots on input line 379.
LaTeX Info: Redefining \dots on input line 382.
LaTeX Info: Redefining \cdots on input line 467.
\Mathstrutbox@=\box26
\strutbox@=\box27
\big@size=\dimen105
LaTeX Font Info:    Redeclaring font encoding OML on input line 567.
LaTeX Font Info:    Redeclaring font encoding OMS on input line 568.
\macc@depth=\count93
\c@MaxMatrixCols=\count94
\dotsspace@=\muskip10
\c@parentequation=\count95
\dspbrk@lvl=\count96
\tag@help=\toks16
\row@=\count97
\column@=\count98
\maxfields@=\count99
\andhelp@=\toks17
\eqnshift@=\dimen106
\alignsep@=\dimen107
\tagshift@=\dimen108
\tagwidth@=\dimen109
\totwidth@=\dimen110
\lineht@=\dimen111
\@envbody=\toks18
\multlinegap=\skip44
\multlinetaggap=\skip45
\mathdisplay@stack=\toks19
LaTeX Info: Redefining \[ on input line 2666.
LaTeX Info: Redefining \] on input line 2667.
) (/usr/local/texlive/2012/texmf-dist/tex/latex/amscls/amsthm.sty
Package: amsthm 2009/07/02 v2.20.1
\thm@style=\toks20
\thm@bodyfont=\toks21
\thm@headfont=\toks22
\thm@notefont=\toks23
\thm@headpunct=\toks24
\thm@preskip=\skip46
\thm@postskip=\skip47
\thm@headsep=\skip48
\dth@everypar=\toks25
) (/usr/local/texlive/2012/texmf-dist/tex/latex/setspace/setspace.sty
Package: setspace 2011/12/19 v6.7a set line spacing
) (/usr/local/texlive/2012/texmf-dist/tex/latex/listings/listings.sty (/usr/local/texlive/2012/texmf-dist/tex/latex/graphics/keyval.sty
Package: keyval 1999/03/16 v1.13 key=value parser (DPC)
\KV@toks@=\toks26
)
\lst@mode=\count100
\lst@gtempboxa=\box28
\lst@token=\toks27
\lst@length=\count101
\lst@currlwidth=\dimen112
\lst@column=\count102
\lst@pos=\count103
\lst@lostspace=\dimen113
\lst@width=\dimen114
\lst@newlines=\count104
\lst@lineno=\count105
\lst@maxwidth=\dimen115
 (./lstpatch.sty

***
*** This is a patch for listings 1.3, but you're using
*** version 1.4.
***
*** Patch file not loaded.
***

) (/usr/local/texlive/2012/texmf-dist/tex/latex/listings/lstmisc.sty
File: lstmisc.sty 2007/02/22 1.4 (Carsten Heinz)
\c@lstnumber=\count106
\lst@skipnumbers=\count107
\lst@framebox=\box29
) (/usr/local/texlive/2012/texmf-dist/tex/latex/listings/listings.cfg
File: listings.cfg 2007/02/22 1.4 listings configuration
))
Package: listings 2007/02/22 1.4 (Carsten Heinz)
 (/usr/local/texlive/2012/texmf-dist/tex/latex/tools/afterpage.sty
Package: afterpage 1995/10/27 v1.08 After-Page Package (DPC)
\AP@output=\toks28
\AP@partial=\box30
\AP@footins=\box31
) (/usr/local/texlive/2012/texmf-dist/tex/latex/psnfss/courier.sty
Package: courier 2005/04/12 PSNFSS-v9.2a (WaS) 
) (/usr/local/texlive/2012/texmf-dist/tex/latex/breakurl/breakurl.sty
Package: breakurl 2009/01/24 v1.30 Breakable hyperref URLs
 (/usr/local/texlive/2012/texmf-dist/tex/latex/xkeyval/xkeyval.sty
Package: xkeyval 2008/08/13 v2.6a package option processing (HA)
 (/usr/local/texlive/2012/texmf-dist/tex/generic/xkeyval/xkeyval.tex
\XKV@toks=\toks29
\XKV@tempa@toks=\toks30
\XKV@depth=\count108
File: xkeyval.tex 2008/08/13 v2.6a key=value parser (HA)
)) (/usr/local/texlive/2012/texmf-dist/tex/generic/oberdiek/ifpdf.sty
Package: ifpdf 2011/01/30 v2.3 Provides the ifpdf switch (HO)
Package ifpdf Info: pdfTeX in PDF mode is detected.
)

Package breakurl Warning: You are using breakurl while processing via pdflatex.
(breakurl)                \burl will be just a synonym of \url.
(breakurl)                 on input line 47.

) (/usr/local/texlive/2012/texmf-dist/tex/latex/geometry/geometry.sty
Package: geometry 2010/09/12 v5.6 Page Geometry
 (/usr/local/texlive/2012/texmf-dist/tex/generic/oberdiek/ifvtex.sty
Package: ifvtex 2010/03/01 v1.5 Detect VTeX and its facilities (HO)
Package ifvtex Info: VTeX not detected.
) (/usr/local/texlive/2012/texmf-dist/tex/generic/ifxetex/ifxetex.sty
Package: ifxetex 2010/09/12 v0.6 Provides ifxetex conditional
)
\Gm@cnth=\count109
\Gm@cntv=\count110
\c@Gm@tempcnt=\count111
\Gm@bindingoffset=\dimen116
\Gm@wd@mp=\dimen117
\Gm@odd@mp=\dimen118
\Gm@even@mp=\dimen119
\Gm@layoutwidth=\dimen120
\Gm@layoutheight=\dimen121
\Gm@layouthoffset=\dimen122
\Gm@layoutvoffset=\dimen123
\Gm@dimlist=\toks31
) (/usr/local/texlive/2012/texmf-dist/tex/latex/tabu/tabu.sty
Package: tabu 2011/02/26 v2.8 - flexible LaTeX tabulars (FC)
 (/usr/local/texlive/2012/texmf-dist/tex/latex/tools/array.sty
Package: array 2008/09/09 v2.4c Tabular extension package (FMi)
\col@sep=\dimen124
\extrarowheight=\dimen125
\NC@list=\toks32
\extratabsurround=\skip49
\backup@length=\skip50
) (/usr/local/texlive/2012/texmf-dist/tex/latex/varwidth/varwidth.sty
Package: varwidth 2009/03/30 ver 0.92;  Variable-width minipages
\@vwid@box=\box32
\sift@deathcycles=\count112
\@vwid@loff=\dimen126
\@vwid@roff=\dimen127
)
\c@taburow=\count113
\tabu@nbcols=\count114
\tabu@cnt=\count115
\tabu@Xcol=\count116
\tabu@alloc=\count117
\tabu@nested=\count118
\tabu@target=\dimen128
\tabu@spreadtarget=\dimen129
\tabu@naturalX=\dimen130
\tabucolX=\dimen131
\tabu@Xsum=\dimen132
\extrarowdepth=\dimen133
\abovetabulinesep=\dimen134
\belowtabulinesep=\dimen135
\tabustrutrule=\dimen136
\tabu@thebody=\toks33
\tabu@footnotes=\toks34
\tabu@box=\box33
\tabu@arstrutbox=\box34
\tabu@hleads=\box35
\tabu@vleads=\box36
\tabu@cellskip=\skip51
) (/usr/local/texlive/2012/texmf-dist/tex/latex/tabulary/tabulary.sty
Package: tabulary 2008/12/01 v0.9 tabulary package (DPC)
\TY@count=\count119
\TY@linewidth=\dimen137
\tymin=\dimen138
\tymax=\dimen139
\TY@tablewidth=\dimen140
) (/usr/local/texlive/2012/texmf-dist/tex/latex/rotating/rotating.sty
Package: rotating 2009/03/28 v2.16a rotated objects in LaTeX
 (/usr/local/texlive/2012/texmf-dist/tex/latex/graphics/graphicx.sty
Package: graphicx 1999/02/16 v1.0f Enhanced LaTeX Graphics (DPC,SPQR)
 (/usr/local/texlive/2012/texmf-dist/tex/latex/graphics/graphics.sty
Package: graphics 2009/02/05 v1.0o Standard LaTeX Graphics (DPC,SPQR)
 (/usr/local/texlive/2012/texmf-dist/tex/latex/graphics/trig.sty
Package: trig 1999/03/16 v1.09 sin cos tan (DPC)
) (/usr/local/texlive/2012/texmf-dist/tex/latex/latexconfig/graphics.cfg
File: graphics.cfg 2010/04/23 v1.9 graphics configuration of TeX Live
)
Package graphics Info: Driver file: pdftex.def on input line 91.
 (/usr/local/texlive/2012/texmf-dist/tex/latex/pdftex-def/pdftex.def
File: pdftex.def 2011/05/27 v0.06d Graphics/color for pdfTeX
 (/usr/local/texlive/2012/texmf-dist/tex/generic/oberdiek/infwarerr.sty
Package: infwarerr 2010/04/08 v1.3 Providing info/warning/error messages (HO)
) (/usr/local/texlive/2012/texmf-dist/tex/generic/oberdiek/ltxcmds.sty
Package: ltxcmds 2011/11/09 v1.22 LaTeX kernel commands for general use (HO)
)
\Gread@gobject=\count120
))
\Gin@req@height=\dimen141
\Gin@req@width=\dimen142
) (/usr/local/texlive/2012/texmf-dist/tex/latex/base/ifthen.sty
Package: ifthen 2001/05/26 v1.1c Standard LaTeX ifthen package (DPC)
)
\c@r@tfl@t=\count121
\rotFPtop=\skip52
\rotFPbot=\skip53
\rot@float@box=\box37
\rot@mess@toks=\toks35
) (/usr/local/texlive/2012/texmf-dist/tex/latex/float/float.sty
Package: float 2001/11/08 v1.3d Float enhancements (AL)
\c@float@type=\count122
\float@exts=\toks36
\float@box=\box38
\@float@everytoks=\toks37
\@floatcapt=\box39
) (/usr/local/texlive/2012/texmf-dist/tex/latex/subfig/subfig.sty
Package: subfig 2005/06/28 ver: 1.3 subfig package
 (/usr/local/texlive/2012/texmf-dist/tex/latex/caption/caption.sty
Package: caption 2012/02/19 v3.2f Customizing captions (AR)
 (/usr/local/texlive/2012/texmf-dist/tex/latex/caption/caption3.sty
Package: caption3 2012/01/12 v1.4b caption3 kernel (AR)
\captionmargin=\dimen143
\captionmargin@=\dimen144
\captionwidth=\dimen145
\caption@indent=\dimen146
\caption@parindent=\dimen147
\caption@hangindent=\dimen148
Package caption Info: Unknown document class (or package),
(caption)             standard defaults will be used.
)

Package caption Warning: Unsupported document class (or package) detected,
(caption)                usage of the caption package is not recommended.
See the caption package documentation for explanation.

Package caption Info: \@makecaption = \long macro:#1#2->\vskip \abovecaptionskip \sbox \@tempboxa {\small \bfseries #1: #2}\ifdim \wd \@tempboxa >\hsize \small \bfseries #1: #2\par \else \global \@minipagefalse \hb@xt@ \hsize {\hfil \box \@tempboxa \hfil }\fi \vskip \belowcaptionskip .
\c@ContinuedFloat=\count123
Package caption Info: float package is loaded.
Package caption Info: listings package is loaded.
Package caption Info: rotating package is loaded.
)
\c@KVtest=\count124
\sf@farskip=\skip54
\sf@captopadj=\dimen149
\sf@capskip=\skip55
\sf@nearskip=\skip56
\c@subfigure=\count125
\c@subfigure@save=\count126
\c@lofdepth=\count127
\c@subtable=\count128
\c@subtable@save=\count129
\c@lotdepth=\count130
\sf@top=\skip57
\sf@bottom=\skip58
) (/usr/local/texlive/2012/texmf-dist/tex/latex/todonotes/todonotes.sty
Package: todonotes 2011/10/22 .dtx Todonotes source and documentation.
Package: todonotes 2011/10/22
 (/usr/local/texlive/2012/texmf-dist/tex/latex/xcolor/xcolor.sty
Package: xcolor 2007/01/21 v2.11 LaTeX color extensions (UK)
 (/usr/local/texlive/2012/texmf-dist/tex/latex/latexconfig/color.cfg
File: color.cfg 2007/01/18 v1.5 color configuration of teTeX/TeXLive
)
Package xcolor Info: Driver file: pdftex.def on input line 225.
Package xcolor Info: Model `cmy' substituted by `cmy0' on input line 1337.
Package xcolor Info: Model `hsb' substituted by `rgb' on input line 1341.
Package xcolor Info: Model `RGB' extended on input line 1353.
Package xcolor Info: Model `HTML' substituted by `rgb' on input line 1355.
Package xcolor Info: Model `Hsb' substituted by `hsb' on input line 1356.
Package xcolor Info: Model `tHsb' substituted by `hsb' on input line 1357.
Package xcolor Info: Model `HSB' substituted by `hsb' on input line 1358.
Package xcolor Info: Model `Gray' substituted by `gray' on input line 1359.
Package xcolor Info: Model `wave' substituted by `hsb' on input line 1360.
) (/usr/local/texlive/2012/texmf-dist/tex/latex/pgf/frontendlayer/tikz.sty (/usr/local/texlive/2012/texmf-dist/tex/latex/pgf/basiclayer/pgf.sty (/usr/local/texlive/2012/texmf-dist/tex/latex/pgf/utilities/pgfrcs.sty (/usr/local/texlive/2012/texmf-dist/tex/generic/pgf/utilities/pgfutil-common.tex
\pgfutil@everybye=\toks38
) (/usr/local/texlive/2012/texmf-dist/tex/generic/pgf/utilities/pgfutil-latex.def
\pgfutil@abb=\box40
 (/usr/local/texlive/2012/texmf-dist/tex/latex/ms/everyshi.sty
Package: everyshi 2001/05/15 v3.00 EveryShipout Package (MS)
)) (/usr/local/texlive/2012/texmf-dist/tex/generic/pgf/utilities/pgfrcs.code.tex
Package: pgfrcs 2010/10/25 v2.10 (rcs-revision 1.24)
))
Package: pgf 2008/01/15 v2.10 (rcs-revision 1.12)
 (/usr/local/texlive/2012/texmf-dist/tex/latex/pgf/basiclayer/pgfcore.sty (/usr/local/texlive/2012/texmf-dist/tex/latex/pgf/systemlayer/pgfsys.sty (/usr/local/texlive/2012/texmf-dist/tex/generic/pgf/systemlayer/pgfsys.code.tex
Package: pgfsys 2010/06/30 v2.10 (rcs-revision 1.37)
 (/usr/local/texlive/2012/texmf-dist/tex/generic/pgf/utilities/pgfkeys.code.tex
\pgfkeys@pathtoks=\toks39
\pgfkeys@temptoks=\toks40
 (/usr/local/texlive/2012/texmf-dist/tex/generic/pgf/utilities/pgfkeysfiltered.code.tex
\pgfkeys@tmptoks=\toks41
))
\pgf@x=\dimen150
\pgf@y=\dimen151
\pgf@xa=\dimen152
\pgf@ya=\dimen153
\pgf@xb=\dimen154
\pgf@yb=\dimen155
\pgf@xc=\dimen156
\pgf@yc=\dimen157
\w@pgf@writea=\write3
\r@pgf@reada=\read1
\c@pgf@counta=\count131
\c@pgf@countb=\count132
\c@pgf@countc=\count133
\c@pgf@countd=\count134
 (/usr/local/texlive/2012/texmf-dist/tex/generic/pgf/systemlayer/pgf.cfg
File: pgf.cfg 2008/05/14  (rcs-revision 1.7)
)
Package pgfsys Info: Driver file for pgf: pgfsys-pdftex.def on input line 900.
 (/usr/local/texlive/2012/texmf-dist/tex/generic/pgf/systemlayer/pgfsys-pdftex.def
File: pgfsys-pdftex.def 2009/05/22  (rcs-revision 1.26)
 (/usr/local/texlive/2012/texmf-dist/tex/generic/pgf/systemlayer/pgfsys-common-pdf.def
File: pgfsys-common-pdf.def 2008/05/19  (rcs-revision 1.10)
))) (/usr/local/texlive/2012/texmf-dist/tex/generic/pgf/systemlayer/pgfsyssoftpath.code.tex
File: pgfsyssoftpath.code.tex 2008/07/18  (rcs-revision 1.7)
\pgfsyssoftpath@smallbuffer@items=\count135
\pgfsyssoftpath@bigbuffer@items=\count136
) (/usr/local/texlive/2012/texmf-dist/tex/generic/pgf/systemlayer/pgfsysprotocol.code.tex
File: pgfsysprotocol.code.tex 2006/10/16  (rcs-revision 1.4)
)) (/usr/local/texlive/2012/texmf-dist/tex/generic/pgf/basiclayer/pgfcore.code.tex
Package: pgfcore 2010/04/11 v2.10 (rcs-revision 1.7)
 (/usr/local/texlive/2012/texmf-dist/tex/generic/pgf/math/pgfmath.code.tex (/usr/local/texlive/2012/texmf-dist/tex/generic/pgf/math/pgfmathcalc.code.tex (/usr/local/texlive/2012/texmf-dist/tex/generic/pgf/math/pgfmathutil.code.tex) (/usr/local/texlive/2012/texmf-dist/tex/generic/pgf/math/pgfmathparser.code.tex
\pgfmath@dimen=\dimen158
\pgfmath@count=\count137
\pgfmath@box=\box41
\pgfmath@toks=\toks42
\pgfmath@stack@operand=\toks43
\pgfmath@stack@operation=\toks44
) (/usr/local/texlive/2012/texmf-dist/tex/generic/pgf/math/pgfmathfunctions.code.tex
(/usr/local/texlive/2012/texmf-dist/tex/generic/pgf/math/pgfmathfunctions.basic.code.tex) (/usr/local/texlive/2012/texmf-dist/tex/generic/pgf/math/pgfmathfunctions.trigonometric.code.tex) (/usr/local/texlive/2012/texmf-dist/tex/generic/pgf/math/pgfmathfunctions.random.code.tex) (/usr/local/texlive/2012/texmf-dist/tex/generic/pgf/math/pgfmathfunctions.comparison.code.tex) (/usr/local/texlive/2012/texmf-dist/tex/generic/pgf/math/pgfmathfunctions.base.code.tex) (/usr/local/texlive/2012/texmf-dist/tex/generic/pgf/math/pgfmathfunctions.round.code.tex) (/usr/local/texlive/2012/texmf-dist/tex/generic/pgf/math/pgfmathfunctions.misc.code.tex))) (/usr/local/texlive/2012/texmf-dist/tex/generic/pgf/math/pgfmathfloat.code.tex
\c@pgfmathroundto@lastzeros=\count138
)) (/usr/local/texlive/2012/texmf-dist/tex/generic/pgf/basiclayer/pgfcorepoints.code.tex
File: pgfcorepoints.code.tex 2010/04/09  (rcs-revision 1.20)
\pgf@picminx=\dimen159
\pgf@picmaxx=\dimen160
\pgf@picminy=\dimen161
\pgf@picmaxy=\dimen162
\pgf@pathminx=\dimen163
\pgf@pathmaxx=\dimen164
\pgf@pathminy=\dimen165
\pgf@pathmaxy=\dimen166
\pgf@xx=\dimen167
\pgf@xy=\dimen168
\pgf@yx=\dimen169
\pgf@yy=\dimen170
\pgf@zx=\dimen171
\pgf@zy=\dimen172
) (/usr/local/texlive/2012/texmf-dist/tex/generic/pgf/basiclayer/pgfcorepathconstruct.code.tex
File: pgfcorepathconstruct.code.tex 2010/08/03  (rcs-revision 1.24)
\pgf@path@lastx=\dimen173
\pgf@path@lasty=\dimen174
) (/usr/local/texlive/2012/texmf-dist/tex/generic/pgf/basiclayer/pgfcorepathusage.code.tex
File: pgfcorepathusage.code.tex 2008/04/22  (rcs-revision 1.12)
\pgf@shorten@end@additional=\dimen175
\pgf@shorten@start@additional=\dimen176
) (/usr/local/texlive/2012/texmf-dist/tex/generic/pgf/basiclayer/pgfcorescopes.code.tex
File: pgfcorescopes.code.tex 2010/09/08  (rcs-revision 1.34)
\pgfpic=\box42
\pgf@hbox=\box43
\pgf@layerbox@main=\box44
\pgf@picture@serial@count=\count139
) (/usr/local/texlive/2012/texmf-dist/tex/generic/pgf/basiclayer/pgfcoregraphicstate.code.tex
File: pgfcoregraphicstate.code.tex 2008/04/22  (rcs-revision 1.9)
\pgflinewidth=\dimen177
) (/usr/local/texlive/2012/texmf-dist/tex/generic/pgf/basiclayer/pgfcoretransformations.code.tex
File: pgfcoretransformations.code.tex 2009/06/10  (rcs-revision 1.11)
\pgf@pt@x=\dimen178
\pgf@pt@y=\dimen179
\pgf@pt@temp=\dimen180
) (/usr/local/texlive/2012/texmf-dist/tex/generic/pgf/basiclayer/pgfcorequick.code.tex
File: pgfcorequick.code.tex 2008/10/09  (rcs-revision 1.3)
) (/usr/local/texlive/2012/texmf-dist/tex/generic/pgf/basiclayer/pgfcoreobjects.code.tex
File: pgfcoreobjects.code.tex 2006/10/11  (rcs-revision 1.2)
) (/usr/local/texlive/2012/texmf-dist/tex/generic/pgf/basiclayer/pgfcorepathprocessing.code.tex
File: pgfcorepathprocessing.code.tex 2008/10/09  (rcs-revision 1.8)
) (/usr/local/texlive/2012/texmf-dist/tex/generic/pgf/basiclayer/pgfcorearrows.code.tex
File: pgfcorearrows.code.tex 2008/04/23  (rcs-revision 1.11)
) (/usr/local/texlive/2012/texmf-dist/tex/generic/pgf/basiclayer/pgfcoreshade.code.tex
File: pgfcoreshade.code.tex 2008/11/23  (rcs-revision 1.13)
\pgf@max=\dimen181
\pgf@sys@shading@range@num=\count140
) (/usr/local/texlive/2012/texmf-dist/tex/generic/pgf/basiclayer/pgfcoreimage.code.tex
File: pgfcoreimage.code.tex 2010/03/25  (rcs-revision 1.16)
 (/usr/local/texlive/2012/texmf-dist/tex/generic/pgf/basiclayer/pgfcoreexternal.code.tex
File: pgfcoreexternal.code.tex 2010/09/01  (rcs-revision 1.17)
\pgfexternal@startupbox=\box45
)) (/usr/local/texlive/2012/texmf-dist/tex/generic/pgf/basiclayer/pgfcorelayers.code.tex
File: pgfcorelayers.code.tex 2010/08/27  (rcs-revision 1.2)
)
(/usr/local/texlive/2012/texmf-dist/tex/generic/pgf/basiclayer/pgfcoretransparency.code.tex
File: pgfcoretransparency.code.tex 2008/01/17  (rcs-revision 1.2)
) (/usr/local/texlive/2012/texmf-dist/tex/generic/pgf/basiclayer/pgfcorepatterns.code.tex
File: pgfcorepatterns.code.tex 2009/07/02  (rcs-revision 1.3)
))) (/usr/local/texlive/2012/texmf-dist/tex/generic/pgf/modules/pgfmoduleshapes.code.tex
File: pgfmoduleshapes.code.tex 2010/09/09  (rcs-revision 1.13)
\pgfnodeparttextbox=\box46
) (/usr/local/texlive/2012/texmf-dist/tex/generic/pgf/modules/pgfmoduleplot.code.tex
File: pgfmoduleplot.code.tex 2010/10/22  (rcs-revision 1.8)
) (/usr/local/texlive/2012/texmf-dist/tex/latex/pgf/compatibility/pgfcomp-version-0-65.sty
Package: pgfcomp-version-0-65 2007/07/03 v2.10 (rcs-revision 1.7)
\pgf@nodesepstart=\dimen182
\pgf@nodesepend=\dimen183
) (/usr/local/texlive/2012/texmf-dist/tex/latex/pgf/compatibility/pgfcomp-version-1-18.sty
Package: pgfcomp-version-1-18 2007/07/23 v2.10 (rcs-revision 1.1)
)) (/usr/local/texlive/2012/texmf-dist/tex/latex/pgf/utilities/pgffor.sty (/usr/local/texlive/2012/texmf-dist/tex/latex/pgf/utilities/pgfkeys.sty (/usr/local/texlive/2012/texmf-dist/tex/generic/pgf/utilities/pgfkeys.code.tex)) (/usr/local/texlive/2012/texmf-dist/tex/generic/pgf/utilities/pgffor.code.tex
Package: pgffor 2010/03/23 v2.10 (rcs-revision 1.18)
\pgffor@iter=\dimen184
\pgffor@skip=\dimen185
\pgffor@stack=\toks45
\pgffor@toks=\toks46
)) (/usr/local/texlive/2012/texmf-dist/tex/generic/pgf/frontendlayer/tikz/tikz.code.tex
Package: tikz 2010/10/13 v2.10 (rcs-revision 1.76)
 (/usr/local/texlive/2012/texmf-dist/tex/generic/pgf/libraries/pgflibraryplothandlers.code.tex
File: pgflibraryplothandlers.code.tex 2010/05/31 v2.10 (rcs-revision 1.15)
\pgf@plot@mark@count=\count141
\pgfplotmarksize=\dimen186
)
\tikz@lastx=\dimen187
\tikz@lasty=\dimen188
\tikz@lastxsaved=\dimen189
\tikz@lastysaved=\dimen190
\tikzleveldistance=\dimen191
\tikzsiblingdistance=\dimen192
\tikz@figbox=\box47
\tikz@tempbox=\box48
\tikztreelevel=\count142
\tikznumberofchildren=\count143
\tikznumberofcurrentchild=\count144
\tikz@fig@count=\count145
 (/usr/local/texlive/2012/texmf-dist/tex/generic/pgf/modules/pgfmodulematrix.code.tex
File: pgfmodulematrix.code.tex 2010/08/24  (rcs-revision 1.4)
\pgfmatrixcurrentrow=\count146
\pgfmatrixcurrentcolumn=\count147
\pgf@matrix@numberofcolumns=\count148
)
\tikz@expandcount=\count149
 (/usr/local/texlive/2012/texmf-dist/tex/generic/pgf/frontendlayer/tikz/libraries/tikzlibrarytopaths.code.tex
File: tikzlibrarytopaths.code.tex 2008/06/17 v2.10 (rcs-revision 1.2)
))) (/usr/local/texlive/2012/texmf-dist/tex/generic/pgf/frontendlayer/tikz/libraries/tikzlibrarypositioning.code.tex
File: tikzlibrarypositioning.code.tex 2008/10/06 v2.10 (rcs-revision 1.7)
) (/usr/local/texlive/2012/texmf-dist/tex/latex/tools/calc.sty
Package: calc 2007/08/22 v4.3 Infix arithmetic (KKT,FJ)
\calc@Acount=\count150
\calc@Bcount=\count151
\calc@Adimen=\dimen193
\calc@Bdimen=\dimen194
\calc@Askip=\skip59
\calc@Bskip=\skip60
LaTeX Info: Redefining \setlength on input line 76.
LaTeX Info: Redefining \addtolength on input line 77.
\calc@Ccount=\count152
\calc@Cskip=\skip61
)
\c@@todonotes@numberoftodonotes=\count153
) (/usr/local/texlive/2012/texmf-dist/tex/latex/cite/cite.sty
LaTeX Info: Redefining \cite on input line 302.
LaTeX Info: Redefining \nocite on input line 373.
Package: cite 2010/09/10  v 5.3
) (/usr/local/texlive/2012/texmf-dist/tex/latex/fancyhdr/fancyhdr.sty
\fancy@headwidth=\skip62
\f@ncyO@elh=\skip63
\f@ncyO@erh=\skip64
\f@ncyO@olh=\skip65
\f@ncyO@orh=\skip66
\f@ncyO@elf=\skip67
\f@ncyO@erf=\skip68
\f@ncyO@olf=\skip69
\f@ncyO@orf=\skip70
)
\figX=\skip71
\figY=\skip72
\tmplen=\skip73
\matFigX=\skip74
\matFigY=\skip75
 (/Users/jamesrose/Documents/Project/conference/Report/.texpadtmp/MScThesisTemplate.aux

LaTeX Warning: Label `fig:pyro' multiply defined.


LaTeX Warning: Label `fig:CE' multiply defined.

)
\openout1 = `MScThesisTemplate.aux'.

LaTeX Font Info:    Checking defaults for OML/cmm/m/it on input line 110.
LaTeX Font Info:    ... okay on input line 110.
LaTeX Font Info:    Checking defaults for T1/cmr/m/n on input line 110.
LaTeX Font Info:    ... okay on input line 110.
LaTeX Font Info:    Checking defaults for OT1/cmr/m/n on input line 110.
LaTeX Font Info:    ... okay on input line 110.
LaTeX Font Info:    Checking defaults for OMS/cmsy/m/n on input line 110.
LaTeX Font Info:    ... okay on input line 110.
LaTeX Font Info:    Checking defaults for OMX/cmex/m/n on input line 110.
LaTeX Font Info:    ... okay on input line 110.
LaTeX Font Info:    Checking defaults for U/cmr/m/n on input line 110.
LaTeX Font Info:    ... okay on input line 110.
\c@lstlisting=\count154

*geometry* driver: auto-detecting
*geometry* detected driver: pdftex
*geometry* verbose mode - [ preamble ] result:
* driver: pdftex
* paper: a4paper
* layout: <same size as paper>
* layoutoffset:(h,v)=(0.0pt,0.0pt)
* modes: twoside 
* h-part:(L,W,R)=(71.70166pt, 418.25368pt, 107.55254pt)
* v-part:(T,H,B)=(101.40665pt, 591.5302pt, 152.11pt)
* \paperwidth=597.50787pt
* \paperheight=845.04684pt
* \textwidth=426.79134pt
* \textheight=654.41338pt
* \oddsidemargin=56.9055pt
* \evensidemargin=35.28255pt
* \topmargin=-42.67912pt
* \headheight=34.64322pt
* \headsep=34.14322pt
* \topskip=11.0pt
* \footskip=11.38092pt
* \marginparwidth=106.0pt
* \marginparsep=7.0pt
* \columnsep=10.0pt
* \skip\footins=10.0pt plus 4.0pt minus 2.0pt
* \hoffset=-20.0pt
* \voffset=0.0pt
* \mag=1000
* \@twocolumnfalse
* \@twosidetrue
* \@mparswitchtrue
* \@reversemarginfalse
* (1in=72.27pt=25.4mm, 1cm=28.453pt)

(/usr/local/texlive/2012/texmf-dist/tex/context/base/supp-pdf.mkii
[Loading MPS to PDF converter (version 2006.09.02).]
\scratchcounter=\count155
\scratchdimen=\dimen195
\scratchbox=\box49
\nofMPsegments=\count156
\nofMParguments=\count157
\everyMPshowfont=\toks47
\MPscratchCnt=\count158
\MPscratchDim=\dimen196
\MPnumerator=\count159
\makeMPintoPDFobject=\count160
\everyMPtoPDFconversion=\toks48
) (/usr/local/texlive/2012/texmf-dist/tex/generic/oberdiek/pdftexcmds.sty
Package: pdftexcmds 2011/11/29 v0.20 Utility functions of pdfTeX for LuaTeX (HO)
 (/usr/local/texlive/2012/texmf-dist/tex/generic/oberdiek/ifluatex.sty
Package: ifluatex 2010/03/01 v1.3 Provides the ifluatex switch (HO)
Package ifluatex Info: LuaTeX not detected.
)
Package pdftexcmds Info: LuaTeX not detected.
Package pdftexcmds Info: \pdf@primitive is available.
Package pdftexcmds Info: \pdf@ifprimitive is available.
Package pdftexcmds Info: \pdfdraftmode found.
) (/usr/local/texlive/2012/texmf-dist/tex/latex/oberdiek/epstopdf-base.sty
Package: epstopdf-base 2010/02/09 v2.5 Base part for package epstopdf
 (/usr/local/texlive/2012/texmf-dist/tex/latex/oberdiek/grfext.sty
Package: grfext 2010/08/19 v1.1 Manage graphics extensions (HO)
 (/usr/local/texlive/2012/texmf-dist/tex/generic/oberdiek/kvdefinekeys.sty
Package: kvdefinekeys 2011/04/07 v1.3 Define keys (HO)
)) (/usr/local/texlive/2012/texmf-dist/tex/latex/oberdiek/kvoptions.sty
Package: kvoptions 2011/06/30 v3.11 Key value format for package options (HO)
 (/usr/local/texlive/2012/texmf-dist/tex/generic/oberdiek/kvsetkeys.sty
Package: kvsetkeys 2012/04/25 v1.16 Key value parser (HO)
 (/usr/local/texlive/2012/texmf-dist/tex/generic/oberdiek/etexcmds.sty
Package: etexcmds 2011/02/16 v1.5 Avoid name clashes with e-TeX commands (HO)
Package etexcmds Info: Could not find \expanded.
(etexcmds)             That can mean that you are not using pdfTeX 1.50 or
(etexcmds)             that some package has redefined \expanded.
(etexcmds)             In the latter case, load this package earlier.
)))
Package grfext Info: Graphics extension search list:
(grfext)             [.png,.pdf,.jpg,.mps,.jpeg,.jbig2,.jb2,.PNG,.PDF,.JPG,.JPEG,.JBIG2,.JB2,.eps]
(grfext)             \AppendGraphicsExtensions on input line 452.
 (/usr/local/texlive/2012/texmf-dist/tex/latex/latexconfig/epstopdf-sys.cfg
File: epstopdf-sys.cfg 2010/07/13 v1.3 Configuration of (r)epstopdf for TeX Live
))
Package caption Info: Begin \AtBeginDocument code.
Package caption Info: subfig package v1.3 is loaded.
Package caption Info: End \AtBeginDocument code.
 ABD: EveryShipout initializing macros (./TitlePage.tex
LaTeX Font Info:    Try loading font information for U+msa on input line 33.
 (/usr/local/texlive/2012/texmf-dist/tex/latex/amsfonts/umsa.fd
File: umsa.fd 2009/06/22 v3.00 AMS symbols A
)
LaTeX Font Info:    Try loading font information for U+msb on input line 33.
 (/usr/local/texlive/2012/texmf-dist/tex/latex/amsfonts/umsb.fd
File: umsb.fd 2009/06/22 v3.00 AMS symbols B
)) [1

{/usr/local/texlive/2012/texmf-var/fonts/map/pdftex/updmap/pdftex.map}] [2

] (./Abstract.tex) (./ChapAckn.tex [3

] [4

]) [5] [6

] (/Users/jamesrose/Documents/Project/conference/Report/.texpadtmp/MScThesisTemplate.toc [7])
\tf@toc=\write4
\openout4 = `MScThesisTemplate.toc'.

 [8] (/Users/jamesrose/Documents/Project/conference/Report/.texpadtmp/MScThesisTemplate.lof
Missing character: There is no ‚ in font cmr10!
Missing character: There is no Ä in font cmr10!
Missing character: There is no ú in font cmr10!
Missing character: There is no Ô in font cmr10!
Missing character: There is no ¨ in font cmr10!
Missing character: There is no Å in font cmr10!
Missing character: There is no Ô in font cmr10!
Missing character: There is no ¨ in font cmr10!
Missing character: There is no Å in font cmr10!
Missing character: There is no ‚ in font cmr10!
Missing character: There is no Ä in font cmr10!
Missing character: There is no ù in font cmr10!
)
\tf@lof=\write5
\openout5 = `MScThesisTemplate.lof'.

 [9

] [10

] (./ChapOne.tex
Chapter 1.

Underfull \vbox (badness 10000) has occurred while \output is active []

 [11

]
Underfull \vbox (badness 10000) has occurred while \output is active []

 [12]) (./ChapTwo.tex [13] [14

]
Chapter 2.

Underfull \vbox (badness 10000) has occurred while \output is active []

 [15] <./figs/dnastructure.jpg, id=61, 401.5pt x 401.5pt>
File: ./figs/dnastructure.jpg Graphic file (type jpg)
 <use ./figs/dnastructure.jpg>
Package pdftex.def Info: ./figs/dnastructure.jpg used on input line 28.
(pdftex.def)             Requested size: 192.0548pt x 192.05615pt.
 [16 <./figs/dnastructure.jpg>] <./figs/pyrosequencing.png, id=65, 916.42375pt x 558.085pt>
File: ./figs/pyrosequencing.png Graphic file (type png)
 <use ./figs/pyrosequencing.png>
Package pdftex.def Info: ./figs/pyrosequencing.png used on input line 41.
(pdftex.def)             Requested size: 320.09349pt x 194.93243pt.

Underfull \vbox (badness 1436) has occurred while \output is active []

 [17 <./figs/pyrosequencing.png>] [18]
LaTeX Font Info:    Try loading font information for OT1+pcr on input line 74.
 (/usr/local/texlive/2012/texmf-dist/tex/latex/psnfss/ot1pcr.fd
File: ot1pcr.fd 2001/06/04 font definitions for OT1/pcr.
)
Underfull \vbox (badness 1178) has occurred while \output is active []

 [19] <./figs/UnModified.pdf, id=79, 847.66687pt x 445.665pt>
File: ./figs/UnModified.pdf Graphic file (type pdf)
 <use ./figs/UnModified.pdf>
Package pdftex.def Info: ./figs/UnModified.pdf used on input line 82.
(pdftex.def)             Requested size: 426.79134pt x 224.38922pt.


LaTeX Warning: `!h' float specifier changed to `!ht'.

[20 <./figs/UnModified.pdf>] [21] <./figs/cpugpufpga.png, id=93, 1229.59375pt x 502.87875pt>
File: ./figs/cpugpufpga.png Graphic file (type png)
 <use ./figs/cpugpufpga.png>
Package pdftex.def Info: ./figs/cpugpufpga.png used on input line 141.
(pdftex.def)             Requested size: 298.75262pt x 122.18198pt.
) (./ChapThree.tex [22 <./figs/cpugpufpga.png>]
Chapter 3.
[23

]
Underfull \vbox (badness 10000) has occurred while \output is active []

 [24] <./figs/FAssem.pdf, id=104, page=3, 249.41602pt x 66.56027pt>
File: ./figs/FAssem.pdf Graphic file (type pdf)
 <use ./figs/FAssem.pdf, page 3>
Package pdftex.def Info: ./figs/FAssem.pdf, page3 used on input line 46.
(pdftex.def)             Requested size: 426.79134pt x 113.89944pt.

Underfull \vbox (badness 10000) has occurred while \output is active []

 [25 <./figs/FAssem.pdf>] <./figs/fpga_cluster.png, id=149, 234.1548pt x 552.1428pt>
File: ./figs/fpga_cluster.png Graphic file (type png)
 <use ./figs/fpga_cluster.png>
Package pdftex.def Info: ./figs/fpga_cluster.png used on input line 68.
(pdftex.def)             Requested size: 213.39566pt x 503.21742pt.
Missing character: There is no ‚ in font cmr10!
Missing character: There is no Ä in font cmr10!
Missing character: There is no ú in font cmr10!
Missing character: There is no Ô in font cmr10!
Missing character: There is no ¨ in font cmr10!
Missing character: There is no Å in font cmr10!
Missing character: There is no Ô in font cmr10!
Missing character: There is no ¨ in font cmr10!
Missing character: There is no Å in font cmr10!
Missing character: There is no ‚ in font cmr10!
Missing character: There is no Ä in font cmr10!
Missing character: There is no ù in font cmr10!
Missing character: There is no ‚ in font cmr10!
Missing character: There is no Ä in font cmr10!
Missing character: There is no ú in font cmr10!
Missing character: There is no Ô in font cmr10!
Missing character: There is no ¨ in font cmr10!
Missing character: There is no Å in font cmr10!
Missing character: There is no Ô in font cmr10!
Missing character: There is no ¨ in font cmr10!
Missing character: There is no Å in font cmr10!
Missing character: There is no ‚ in font cmr10!
Missing character: There is no Ä in font cmr10!
Missing character: There is no ù in font cmr10!


LaTeX Warning: `!h' float specifier changed to `!ht'.


Underfull \vbox (badness 10000) has occurred while \output is active []

 [26]
Underfull \vbox (badness 10000) has occurred while \output is active []

 [27 <./figs/fpga_cluster.png>]
Underfull \vbox (badness 3514) has occurred while \output is active []

 [28] <./figs/comparisonlib.pdf, id=160, page=6, 235.03159pt x 301.0139pt>
File: ./figs/comparisonlib.pdf Graphic file (type pdf)
 <use ./figs/comparisonlib.pdf, page 6>
Package pdftex.def Info: ./figs/comparisonlib.pdf, page6 used on input line 105.
(pdftex.def)             Requested size: 277.41176pt x 355.3357pt.
 [29 <./figs/comparisonlib.pdf>]) (./ChapFour.tex [30]
Chapter 4.
(./ChapFourA.tex
Underfull \vbox (badness 1622) has occurred while \output is active []

 [31

] <./figs/de0.png, id=214, 744.7825pt x 432.61626pt>
File: ./figs/de0.png Graphic file (type png)
 <use ./figs/de0.png>
Package pdftex.def Info: ./figs/de0.png used on input line 11.
(pdftex.def)             Requested size: 426.79134pt x 247.91406pt.

Underfull \vbox (badness 10000) has occurred while \output is active []

 [32 <./figs/de0.png (PNG copy)>] <./figs/interfpga.pdf, id=218, 644.4075pt x 230.36063pt>
File: ./figs/interfpga.pdf Graphic file (type pdf)
 <use ./figs/interfpga.pdf>
Package pdftex.def Info: ./figs/interfpga.pdf used on input line 23.
(pdftex.def)             Requested size: 426.79134pt x 152.57275pt.
) (./ChapFourB.tex
Underfull \vbox (badness 1762) has occurred while \output is active []

 [33 <./figs/interfpga.pdf>] [34] <./figs/MFPGA.pdf, id=242, 1164.60094pt x 473.51906pt>
File: ./figs/MFPGA.pdf Graphic file (type pdf)
 <use ./figs/MFPGA.pdf>
Package pdftex.def Info: ./figs/MFPGA.pdf used on input line 72.
(pdftex.def)             Requested size: 654.41338pt x 266.08647pt.

Underfull \vbox (badness 10000) has occurred while \output is active []

 [35] [36 <./figs/MFPGA.pdf>] <./figs/UART.pdf, id=258, 800.23969pt x 163.3603pt>
File: ./figs/UART.pdf Graphic file (type pdf)
 <use ./figs/UART.pdf>
Package pdftex.def Info: ./figs/UART.pdf used on input line 85.
(pdftex.def)             Requested size: 426.79134pt x 87.12643pt.
 <./figs/input_delay.pdf, id=259, 417.81094pt x 204.01219pt>
File: ./figs/input_delay.pdf Graphic file (type pdf)
 <use ./figs/input_delay.pdf>
Package pdftex.def Info: ./figs/input_delay.pdf used on input line 97.
(pdftex.def)             Requested size: 341.43436pt x 166.72763pt.

Underfull \vbox (badness 4013) has occurred while \output is active []

 [37 <./figs/UART.pdf>] [38 <./figs/input_delay.pdf>] <./figs/input_adaptor.pdf, id=280, 432.86719pt x 357.58594pt>
File: ./figs/input_adaptor.pdf Graphic file (type pdf)
 <use ./figs/input_adaptor.pdf>
Package pdftex.def Info: ./figs/input_adaptor.pdf used on input line 113.
(pdftex.def)             Requested size: 384.10959pt x 317.32289pt.
 [39 <./figs/input_adaptor.pdf>] <./figs/ctrl_fsm.pdf, id=290, 545.78906pt x 185.94469pt>
File: ./figs/ctrl_fsm.pdf Graphic file (type pdf)
 <use ./figs/ctrl_fsm.pdf>
Package pdftex.def Info: ./figs/ctrl_fsm.pdf used on input line 132.
(pdftex.def)             Requested size: 426.79134pt x 145.40227pt.
 (/usr/local/texlive/2012/texmf-dist/tex/latex/listings/lstlang1.sty
File: lstlang1.sty 2004/09/05 1.3 listings language file
)
Underfull \vbox (badness 5622) has occurred while \output is active []

 [40 <./figs/ctrl_fsm.pdf>] <./figs/output_adaptor.pdf, id=299, 500.62032pt x 389.20406pt>
File: ./figs/output_adaptor.pdf Graphic file (type pdf)
 <use ./figs/output_adaptor.pdf>
Package pdftex.def Info: ./figs/output_adaptor.pdf used on input line 171.
(pdftex.def)             Requested size: 426.79134pt x 331.82272pt.
 [41 <./figs/output_adaptor.pdf>]) (./ChapFourC.tex
Underfull \hbox (badness 10000) in paragraph at lines 4--5

 []


Underfull \vbox (badness 3514) has occurred while \output is active []

 [42])) (./ChapFive.tex [43] [44

]
Chapter 5.
<./figs/cluster.jpg, id=321, 256.24876pt x 223.00458pt>
File: ./figs/cluster.jpg Graphic file (type jpg)
 <use ./figs/cluster.jpg>
Package pdftex.def Info: ./figs/cluster.jpg used on input line 6.
(pdftex.def)             Requested size: 426.79134pt x 371.46352pt.

Underfull \vbox (badness 1478) has occurred while \output is active []

 [45 <./figs/cluster.jpg>]
Underfull \vbox (badness 10000) has occurred while \output is active []

 [46] <./figs/error_correction.pdf, id=329, 840.13875pt x 585.18625pt>
File: ./figs/error_correction.pdf Graphic file (type pdf)
 <use ./figs/error_correction.pdf>
Package pdftex.def Info: ./figs/error_correction.pdf used on input line 40.
(pdftex.def)             Requested size: 256.0774pt x 178.361pt.
) (./ChapSix.tex [47 <./figs/error_correction.pdf>] [48

]
Chapter 6.

LaTeX Warning: `!h' float specifier changed to `!ht'.


Underfull \vbox (badness 10000) has occurred while \output is active []

 [49]
Underfull \vbox (badness 7415) has occurred while \output is active []

 [50] <./figs/eps/fpga_count.pdf, id=354, 788.5513pt x 498.09529pt>
File: ./figs/eps/fpga_count.pdf Graphic file (type pdf)
 <use ./figs/eps/fpga_count.pdf>
Package pdftex.def Info: ./figs/eps/fpga_count.pdf used on input line 124.
(pdftex.def)             Requested size: 414.3927pt x 261.76135pt.
 <./figs/eps/pix.pdf, id=355, 789.73389pt x 495.2568pt>
File: ./figs/eps/pix.pdf Graphic file (type pdf)
 <use ./figs/eps/pix.pdf>
Package pdftex.def Info: ./figs/eps/pix.pdf used on input line 130.
(pdftex.def)             Requested size: 417.40013pt x 261.76135pt.
 <./figs/eps/read_length.pdf, id=356, 791.646pt x 498.12512pt>
File: ./figs/eps/read_length.pdf Graphic file (type pdf)
 <use ./figs/eps/read_length.pdf>
Package pdftex.def Info: ./figs/eps/read_length.pdf used on input line 136.
(pdftex.def)             Requested size: 416.019pt x 261.76135pt.
 <./figs/eps/lib_size.pdf, id=357, 787.82166pt x 498.79529pt>
File: ./figs/eps/lib_size.pdf Graphic file (type pdf)
 <use ./figs/eps/lib_size.pdf>
Package pdftex.def Info: ./figs/eps/lib_size.pdf used on input line 143.
(pdftex.def)             Requested size: 413.44427pt x 261.76135pt.
 [51] [52] [53 <./figs/eps/fpga_count.pdf> <./figs/eps/pix.pdf>] [54 <./figs/eps/read_length.pdf> <./figs/eps/lib_size.pdf>] <./figs/provided.png, id=406, 1675.25874pt x 138.5175pt>
File: ./figs/provided.png Graphic file (type png)
 <use ./figs/provided.png>
Package pdftex.def Info: ./figs/provided.png used on input line 160.
(pdftex.def)             Requested size: 654.41338pt x 54.10826pt.
 <./figs/MFPGA.png, id=407, 1679.27374pt x 240.9pt>
File: ./figs/MFPGA.png Graphic file (type png)
 <use ./figs/MFPGA.png>
Package pdftex.def Info: ./figs/MFPGA.png used on input line 163.
(pdftex.def)             Requested size: 654.41338pt x 93.87709pt.


LaTeX Warning: `!h' float specifier changed to `!ht'.


Underfull \vbox (badness 1755) has occurred while \output is active []

 [55]) (./ChapSeven.tex [56] [57 <./figs/provided.png (PNG copy)> <./figs/MFPGA.png (PNG copy)>] [58

]
Chapter 7.
[59] [60]
Underfull \vbox (badness 3514) has occurred while \output is active []

 [61] <./figs/scalability.pdf, id=431, 813.21762pt x 460.181pt>
File: ./figs/scalability.pdf Graphic file (type pdf)
 <use ./figs/scalability.pdf>
Package pdftex.def Info: ./figs/scalability.pdf used on input line 49.
(pdftex.def)             Requested size: 298.75262pt x 169.05655pt.
 [62 <./figs/scalability.pdf>]) (./ChapEight.tex [63] [64

]
Chapter 8.

Underfull \vbox (badness 10000) has occurred while \output is active []

 [65]) (./ChapNine.tex [66]
Chapter 9.

Underfull \vbox (badness 10000) has occurred while \output is active []

 [67

]) (./RefList.tex (/Users/jamesrose/Documents/Project/conference/Report/.texpadtmp/MScThesisTemplate.bbl [68] [69

]
Overfull \hbox (5.91667pt too wide) in paragraph at lines 95--99
\OT1/cmr/m/n/10.95 http://www.weizmann.ac.il/plants/Milo/images/How%20big%20is%20the%20genome
 []


Underfull \hbox (badness 1048) in paragraph at lines 102--106
[]\OT1/cmr/m/n/10.95 United States Gov-ern-ment De-part-ment of En-ergy, ``The sci-
 []


Underfull \hbox (badness 1033) in paragraph at lines 102--106
\OT1/cmr/m/n/10.95 ence be-hind the hu-man genome project.'' [On-line]. Avail-able:
 []

[70] [71]
Underfull \hbox (badness 10000) in paragraph at lines 258--261
[]\OT1/cmr/m/n/10.95 FTDI, ``Usb rs232 ca-bles.'' [On-line]. Avail-able:
 []

[72])) (./AppA.tex [73] [74

]
Appendix A.
File: ./figs/cluster.jpg Graphic file (type jpg)
<use ./figs/cluster.jpg>
Package pdftex.def Info: ./figs/cluster.jpg used on input line 16.
(pdftex.def)             Requested size: 426.79134pt x 371.46352pt.
File: ./figs/interfpga.pdf Graphic file (type pdf)
 <use ./figs/interfpga.pdf>
Package pdftex.def Info: ./figs/interfpga.pdf used on input line 21.
(pdftex.def)             Requested size: 426.79134pt x 152.57275pt.

Underfull \vbox (badness 3396) has occurred while \output is active []

 [75] [76] [77]) (./AppB.tex [78]
Appendix B.
LaTeX Font Info:    Try loading font information for OMS+cmr on input line 12.
(/usr/local/texlive/2012/texmf-dist/tex/latex/base/omscmr.fd
File: omscmr.fd 1999/05/25 v2.5h Standard LaTeX font definitions
)
LaTeX Font Info:    Font shape `OMS/cmr/m/n' in size <6> not available
(Font)              Font shape `OMS/cmsy/m/n' tried instead on input line 12.
LaTeX Font Info:    Try loading font information for OML+cmr on input line 14.
 (/usr/local/texlive/2012/texmf-dist/tex/latex/base/omlcmr.fd
File: omlcmr.fd 1999/05/25 v2.5h Standard LaTeX font definitions
)
LaTeX Font Info:    Font shape `OML/cmr/m/n' in size <6> not available
(Font)              Font shape `OML/cmm/m/it' tried instead on input line 14.

Underfull \vbox (badness 3503) has occurred while \output is active []

 [79

]) (./AppC.tex [80]
Appendix C.

Underfull \vbox (badness 3503) has occurred while \output is active []

 [81

]) [82] (/Users/jamesrose/Documents/Project/conference/Report/.texpadtmp/MScThesisTemplate.aux)

LaTeX Warning: There were multiply-defined labels.

 ) 
Here is how much of TeX's memory you used:
 15920 strings out of 493488
 281410 string characters out of 3141325
 589595 words of memory out of 3000000
 18790 multiletter control sequences out of 15000+200000
 14447 words of font info for 53 fonts, out of 3000000 for 9000
 958 hyphenation exceptions out of 8191
 63i,16n,96p,1584b,1702s stack positions out of 5000i,500n,10000p,200000b,50000s
{/usr/local/texlive/2012/texmf-dist/fonts/enc/dvips/base/8r.enc}</usr/local/texlive/2012/texmf-dist/fonts/type1/public/amsfonts/cm/cmbx10.pfb></usr/local/texlive/2012/texmf-dist/fonts/type1/public/amsfonts/cm/cmbx12.pfb></usr/local/texlive/2012/texmf-dist/fonts/type1/public/amsfonts/cm/cmbx6.pfb></usr/local/texlive/2012/texmf-dist/fonts/type1/public/amsfonts/cm/cmbxti10.pfb></usr/local/texlive/2012/texmf-dist/fonts/type1/public/amsfonts/cm/cmcsc10.pfb></usr/local/texlive/2012/texmf-dist/fonts/type1/public/amsfonts/cm/cmex10.pfb></usr/local/texlive/2012/texmf-dist/fonts/type1/public/amsfonts/cm/cmmi10.pfb></usr/local/texlive/2012/texmf-dist/fonts/type1/public/amsfonts/cm/cmmi6.pfb></usr/local/texlive/2012/texmf-dist/fonts/type1/public/amsfonts/cm/cmmi8.pfb></usr/local/texlive/2012/texmf-dist/fonts/type1/public/amsfonts/cm/cmr10.pfb></usr/local/texlive/2012/texmf-dist/fonts/type1/public/amsfonts/cm/cmr6.pfb></usr/local/texlive/2012/texmf-dist/fonts/type1/public/amsfonts/cm/cmr8.pfb></usr/local/texlive/2012/texmf-dist/fonts/type1/public/amsfonts/cm/cmsy10.pfb></usr/local/texlive/2012/texmf-dist/fonts/type1/public/amsfonts/cm/cmsy6.pfb></usr/local/texlive/2012/texmf-dist/fonts/type1/public/amsfonts/cm/cmsy8.pfb></usr/local/texlive/2012/texmf-dist/fonts/type1/public/amsfonts/cm/cmti10.pfb></usr/local/texlive/2012/texmf-dist/fonts/type1/public/amsfonts/cm/cmti7.pfb></usr/local/texlive/2012/texmf-dist/fonts/type1/urw/courier/ucrr8a.pfb></usr/local/texlive/2012/texmf-dist/fonts/type1/urw/times/utmr8a.pfb></usr/local/texlive/2012/texmf-dist/fonts/type1/urw/times/utmri8a.pfb>
Output written on /Users/jamesrose/Documents/Project/conference/Report/.texpadtmp/MScThesisTemplate.pdf (82 pages, 2243262 bytes).
PDF statistics:
 574 PDF objects out of 1000 (max. 8388607)
 398 compressed objects within 4 object streams
 0 named destinations out of 1000 (max. 500000)
 133 words of extra memory for PDF output out of 10000 (max. 10000000)

